<?xml version="1.0" encoding="UTF-8"?>
<testng-results skipped="0" failed="0" ignored="0" total="2" passed="2">
  <reporter-output>
  </reporter-output>
  <suite name="myProject" duration-ms="31158" started-at="2017-01-19T11:16:09Z" finished-at="2017-01-19T11:16:40Z">
    <groups>
    </groups>
    <test name="RegressionSuite" duration-ms="31158" started-at="2017-01-19T11:16:09Z" finished-at="2017-01-19T11:16:40Z">
      <class name="selenium.myProject.com.FirstClassTest">
        <test-method status="PASS" signature="openSubMenuTest()[pri:0, instance:selenium.myProject.com.FirstClassTest@604ed9f0]" name="openSubMenuTest" duration-ms="20042" started-at="2017-01-19T16:46:09Z" finished-at="2017-01-19T16:46:29Z">
          <reporter-output>
          </reporter-output>
        </test-method> <!-- openSubMenuTest -->
        <test-method status="PASS" signature="searchTest()[pri:0, instance:selenium.myProject.com.FirstClassTest@604ed9f0]" name="searchTest" duration-ms="10388" started-at="2017-01-19T16:46:30Z" finished-at="2017-01-19T16:46:40Z">
          <reporter-output>
          </reporter-output>
        </test-method> <!-- searchTest -->
      </class> <!-- selenium.myProject.com.FirstClassTest -->
    </test> <!-- RegressionSuite -->
  </suite> <!-- myProject -->
</testng-results>
